<?xml version="1.0" encoding="UTF-8"?>
<testsuite xmlns:xsi="http://www.w3.org/2001/XMLSchema-instance" xsi:noNamespaceSchemaLocation="https://maven.apache.org/surefire/maven-surefire-plugin/xsd/surefire-test-report-3.0.xsd" version="3.0" name="org.biojava.nbio.core.alignment.SimpleProfileTest" time="0.564" tests="54" errors="0" skipped="1" failures="0">
  <properties>
[...]
</properties>
  <testcase name="testGetIndexOf" classname="org.biojava.nbio.core.alignment.SimpleProfileTest" time="0.434"/>
  <testcase name="testGetCompoundAtSIntOutOfBounds" classname="org.biojava.nbio.core.alignment.SimpleProfileTest" time="0.001"/>
  <testcase name="testGetAlignedSequenceInt" classname="org.biojava.nbio.core.alignment.SimpleProfileTest" time="0.001"/>
  <testcase name="testToStringInt" classname="org.biojava.nbio.core.alignment.SimpleProfileTest" time="0.007"/>
  <testcase name="testToString" classname="org.biojava.nbio.core.alignment.SimpleProfileTest" time="0.001"/>
  <testcase name="testToStringFormatted" classname="org.biojava.nbio.core.alignment.SimpleProfileTest" time="0.015"/>
  <testcase name="testSimpleProfile" classname="org.biojava.nbio.core.alignment.SimpleProfileTest" time="0"/>
  <testcase name="testGetSize" classname="org.biojava.nbio.core.alignment.SimpleProfileTest" time="0"/>
  <testcase name="testGetAlignedSequenceS" classname="org.biojava.nbio.core.alignment.SimpleProfileTest" time="0"/>
  <testcase name="testGetAlignedSequences" classname="org.biojava.nbio.core.alignment.SimpleProfileTest" time="0"/>
  <testcase name="testGetOriginalSequences" classname="org.biojava.nbio.core.alignment.SimpleProfileTest" time="0"/>
  <testcase name="testGetSubProfile" classname="org.biojava.nbio.core.alignment.SimpleProfileTest" time="0">
    <skipped/>
  </testcase>
  <testcase name="testGetCompoundAtSInt" classname="org.biojava.nbio.core.alignment.SimpleProfileTest" time="0"/>
  <testcase name="testGetAlignedSequencesSArray" classname="org.biojava.nbio.core.alignment.SimpleProfileTest" time="0"/>
  <testcase name="testGetIndicesAt" classname="org.biojava.nbio.core.alignment.SimpleProfileTest" time="0.001"/>
  <testcase name="testGetAlignedSequenceIntOutOfBounds" classname="org.biojava.nbio.core.alignment.SimpleProfileTest" time="0.001"/>
  <testcase name="testGetAlignedSequencesIntArray" classname="org.biojava.nbio.core.alignment.SimpleProfileTest" time="0.001"/>
  <testcase name="testGetCompoundAtIntInt" classname="org.biojava.nbio.core.alignment.SimpleProfileTest" time="0"/>
  <testcase name="testGetCompoundAtIntIntOutOfBounds" classname="org.biojava.nbio.core.alignment.SimpleProfileTest" time="0.001"/>
  <testcase name="testGetLength" classname="org.biojava.nbio.core.alignment.SimpleProfileTest" time="0"/>
  <testcase name="testGetCompoundsAtOutOfBounds" classname="org.biojava.nbio.core.alignment.SimpleProfileTest" time="0"/>
  <testcase name="testIsCircular" classname="org.biojava.nbio.core.alignment.SimpleProfileTest" time="0.001"/>
  <testcase name="testGetCompoundsAtOutOfBounds2" classname="org.biojava.nbio.core.alignment.SimpleProfileTest" time="0"/>
  <testcase name="testGetCompoundsAtOutOfBounds3" classname="org.biojava.nbio.core.alignment.SimpleProfileTest" time="0"/>
  <testcase name="testGetCompoundsAtOutOfBounds4" classname="org.biojava.nbio.core.alignment.SimpleProfileTest" time="0.001"/>
  <testcase name="testGetCompoundsAtOutOfBounds5" classname="org.biojava.nbio.core.alignment.SimpleProfileTest" time="0"/>
  <testcase name="testGetCompoundsAtOutOfBounds6" classname="org.biojava.nbio.core.alignment.SimpleProfileTest" time="0.001"/>
  <testcase name="testGetIndicesAtOutOfBounds2" classname="org.biojava.nbio.core.alignment.SimpleProfileTest" time="0"/>
  <testcase name="testGetIndicesAtOutOfBounds3" classname="org.biojava.nbio.core.alignment.SimpleProfileTest" time="0"/>
  <testcase name="testGetIndicesAtOutOfBounds4" classname="org.biojava.nbio.core.alignment.SimpleProfileTest" time="0.001"/>
  <testcase name="testGetIndicesAtOutOfBounds5" classname="org.biojava.nbio.core.alignment.SimpleProfileTest" time="0"/>
  <testcase name="testGetIndicesAtOutOfBounds6" classname="org.biojava.nbio.core.alignment.SimpleProfileTest" time="0"/>
  <testcase name="testGetAlignedSequenceIntOutOfBounds2" classname="org.biojava.nbio.core.alignment.SimpleProfileTest" time="0"/>
  <testcase name="testGetAlignedSequenceIntOutOfBounds3" classname="org.biojava.nbio.core.alignment.SimpleProfileTest" time="0"/>
  <testcase name="testGetAlignedSequenceIntOutOfBounds4" classname="org.biojava.nbio.core.alignment.SimpleProfileTest" time="0.001"/>
  <testcase name="testGetAlignedSequenceIntOutOfBounds5" classname="org.biojava.nbio.core.alignment.SimpleProfileTest" time="0"/>
  <testcase name="testGetAlignedSequenceIntOutOfBounds6" classname="org.biojava.nbio.core.alignment.SimpleProfileTest" time="0"/>
  <testcase name="testGetCompoundSet" classname="org.biojava.nbio.core.alignment.SimpleProfileTest" time="0"/>
  <testcase name="testGetCompoundsAt" classname="org.biojava.nbio.core.alignment.SimpleProfileTest" time="0"/>
  <testcase name="testGetCompoundAtSIntOutOfBounds2" classname="org.biojava.nbio.core.alignment.SimpleProfileTest" time="0"/>
  <testcase name="testGetCompoundAtSIntOutOfBounds3" classname="org.biojava.nbio.core.alignment.SimpleProfileTest" time="0"/>
  <testcase name="testGetCompoundAtSIntOutOfBounds4" classname="org.biojava.nbio.core.alignment.SimpleProfileTest" time="0"/>
  <testcase name="testGetCompoundAtSIntOutOfBounds5" classname="org.biojava.nbio.core.alignment.SimpleProfileTest" time="0"/>
  <testcase name="testIterator" classname="org.biojava.nbio.core.alignment.SimpleProfileTest" time="0"/>
  <testcase name="testGetLastIndexOf" classname="org.biojava.nbio.core.alignment.SimpleProfileTest" time="0.001"/>
  <testcase name="testGetCompoundAtIntIntOutOfBounds2" classname="org.biojava.nbio.core.alignment.SimpleProfileTest" time="0.001"/>
  <testcase name="testGetCompoundAtIntIntOutOfBounds3" classname="org.biojava.nbio.core.alignment.SimpleProfileTest" time="0"/>
  <testcase name="testGetCompoundAtIntIntOutOfBounds4" classname="org.biojava.nbio.core.alignment.SimpleProfileTest" time="0.001"/>
  <testcase name="testGetCompoundAtIntIntOutOfBounds5" classname="org.biojava.nbio.core.alignment.SimpleProfileTest" time="0"/>
  <testcase name="testGetCompoundAtIntIntOutOfBounds6" classname="org.biojava.nbio.core.alignment.SimpleProfileTest" time="0.001"/>
  <testcase name="testGetCompoundAtIntIntOutOfBounds7" classname="org.biojava.nbio.core.alignment.SimpleProfileTest" time="0"/>
  <testcase name="testGetCompoundAtIntIntOutOfBounds8" classname="org.biojava.nbio.core.alignment.SimpleProfileTest" time="0"/>
  <testcase name="testGetCompoundAtIntIntOutOfBounds9" classname="org.biojava.nbio.core.alignment.SimpleProfileTest" time="0"/>
  <testcase name="testGetIndicesAtOutOfBounds" classname="org.biojava.nbio.core.alignment.SimpleProfileTest" time="0"/>
</testsuite>