<?xml version="1.0" encoding="UTF-8"?>
<testsuite xmlns:xsi="http://www.w3.org/2001/XMLSchema-instance" xsi:noNamespaceSchemaLocation="https://maven.apache.org/surefire/maven-surefire-plugin/xsd/surefire-test-report-3.0.xsd" version="3.0" name="org.biojava.nbio.core.alignment.SimpleSequencePairTest" time="0.606" tests="35" errors="0" skipped="0" failures="0">
  <properties>
[...]
</properties>
  <testcase name="testGetIndexInQueryForTargetAtOutOfBounds" classname="org.biojava.nbio.core.alignment.SimpleSequencePairTest" time="0.512"/>
  <testcase name="testGetIndexInTargetForQueryAtOutOfBounds2" classname="org.biojava.nbio.core.alignment.SimpleSequencePairTest" time="0.001"/>
  <testcase name="testGetIndexInTargetForQueryAtOutOfBounds3" classname="org.biojava.nbio.core.alignment.SimpleSequencePairTest" time="0"/>
  <testcase name="testGetIndexInTargetForQueryAtOutOfBounds4" classname="org.biojava.nbio.core.alignment.SimpleSequencePairTest" time="0"/>
  <testcase name="testGetQuery" classname="org.biojava.nbio.core.alignment.SimpleSequencePairTest" time="0.002"/>
  <testcase name="testGetIndexInTargetForQueryAtOutOfBounds" classname="org.biojava.nbio.core.alignment.SimpleSequencePairTest" time="0"/>
  <testcase name="testGetIndexInTargetAt" classname="org.biojava.nbio.core.alignment.SimpleSequencePairTest" time="0"/>
  <testcase name="testGetIndexInQueryForTargetAtOutOfBounds2" classname="org.biojava.nbio.core.alignment.SimpleSequencePairTest" time="0"/>
  <testcase name="testGetIndexInQueryForTargetAtOutOfBounds3" classname="org.biojava.nbio.core.alignment.SimpleSequencePairTest" time="0"/>
  <testcase name="testGetIndexInQueryForTargetAtOutOfBounds4" classname="org.biojava.nbio.core.alignment.SimpleSequencePairTest" time="0.001"/>
  <testcase name="testGetCompoundInQueryAtOutOfBounds" classname="org.biojava.nbio.core.alignment.SimpleSequencePairTest" time="0"/>
  <testcase name="testGetIndexInQueryAtOutOfBounds" classname="org.biojava.nbio.core.alignment.SimpleSequencePairTest" time="0.001"/>
  <testcase name="testGetCompoundInQueryAt" classname="org.biojava.nbio.core.alignment.SimpleSequencePairTest" time="0"/>
  <testcase name="testGetIndexInQueryAtOutOfBounds2" classname="org.biojava.nbio.core.alignment.SimpleSequencePairTest" time="0"/>
  <testcase name="testGetIndexInQueryAtOutOfBounds3" classname="org.biojava.nbio.core.alignment.SimpleSequencePairTest" time="0"/>
  <testcase name="testGetIndexInQueryAtOutOfBounds4" classname="org.biojava.nbio.core.alignment.SimpleSequencePairTest" time="0"/>
  <testcase name="testGetIndexInQueryForTargetAt" classname="org.biojava.nbio.core.alignment.SimpleSequencePairTest" time="0.001"/>
  <testcase name="testGetIndexInTargetAtOutOfBounds" classname="org.biojava.nbio.core.alignment.SimpleSequencePairTest" time="0"/>
  <testcase name="testGetNumIdenticals" classname="org.biojava.nbio.core.alignment.SimpleSequencePairTest" time="0"/>
  <testcase name="testGetIndexInTargetForQueryAt" classname="org.biojava.nbio.core.alignment.SimpleSequencePairTest" time="0.001"/>
  <testcase name="testGetIndexInTargetAtOutOfBounds2" classname="org.biojava.nbio.core.alignment.SimpleSequencePairTest" time="0"/>
  <testcase name="testGetIndexInTargetAtOutOfBounds3" classname="org.biojava.nbio.core.alignment.SimpleSequencePairTest" time="0"/>
  <testcase name="testGetIndexInTargetAtOutOfBounds4" classname="org.biojava.nbio.core.alignment.SimpleSequencePairTest" time="0"/>
  <testcase name="testGetCompoundInTargetAt" classname="org.biojava.nbio.core.alignment.SimpleSequencePairTest" time="0"/>
  <testcase name="testGetIndexInQueryAt" classname="org.biojava.nbio.core.alignment.SimpleSequencePairTest" time="0"/>
  <testcase name="testGetCompoundInQueryAtOutOfBounds2" classname="org.biojava.nbio.core.alignment.SimpleSequencePairTest" time="0.001"/>
  <testcase name="testGetCompoundInQueryAtOutOfBounds3" classname="org.biojava.nbio.core.alignment.SimpleSequencePairTest" time="0"/>
  <testcase name="testGetCompoundInQueryAtOutOfBounds4" classname="org.biojava.nbio.core.alignment.SimpleSequencePairTest" time="0"/>
  <testcase name="testGetTarget" classname="org.biojava.nbio.core.alignment.SimpleSequencePairTest" time="0"/>
  <testcase name="testGetCompoundInTargetAtOutOfBounds" classname="org.biojava.nbio.core.alignment.SimpleSequencePairTest" time="0.001"/>
  <testcase name="testGetNumSimilars" classname="org.biojava.nbio.core.alignment.SimpleSequencePairTest" time="0.001"/>
  <testcase name="testGetCompoundInTargetAtOutOfBounds2" classname="org.biojava.nbio.core.alignment.SimpleSequencePairTest" time="0"/>
  <testcase name="testGetCompoundInTargetAtOutOfBounds3" classname="org.biojava.nbio.core.alignment.SimpleSequencePairTest" time="0.001"/>
  <testcase name="testGetCompoundInTargetAtOutOfBounds4" classname="org.biojava.nbio.core.alignment.SimpleSequencePairTest" time="0"/>
  <testcase name="testGetPercentageOfIdentity" classname="org.biojava.nbio.core.alignment.SimpleSequencePairTest" time="0"/>
</testsuite>