<?xml version="1.0" encoding="UTF-8"?>
<testsuite xmlns:xsi="http://www.w3.org/2001/XMLSchema-instance" xsi:noNamespaceSchemaLocation="https://maven.apache.org/surefire/maven-surefire-plugin/xsd/surefire-test-report-3.0.xsd" version="3.0" name="org.biojava.nbio.structure.ChemCompTest" time="0.634" tests="4" errors="0" skipped="0" failures="0">
  <properties>
[...]
</properties>
  <testcase name="testALA" classname="org.biojava.nbio.structure.ChemCompTest" time="0.5"/>
  <testcase name="testMEA" classname="org.biojava.nbio.structure.ChemCompTest" time="0.03"/>
  <testcase name="testPRR" classname="org.biojava.nbio.structure.ChemCompTest" time="0.018"/>
  <testcase name="testChangingProviders" classname="org.biojava.nbio.structure.ChemCompTest" time="0.019"/>
</testsuite>