<?xml version="1.0" encoding="UTF-8"?>
<testsuite xmlns:xsi="http://www.w3.org/2001/XMLSchema-instance" xsi:noNamespaceSchemaLocation="https://maven.apache.org/surefire/maven-surefire-plugin/xsd/surefire-test-report-3.0.xsd" version="3.0" name="org.biojava.nbio.alignment.TestSubOptimalMSA" time="0.571" tests="2" errors="0" skipped="1" failures="0">
  <properties>
[...]
</properties>
  <testcase name="gapPenaltyDefault" classname="org.biojava.nbio.alignment.TestSubOptimalMSA" time="0">
    <skipped/>
  </testcase>
  <testcase name="gapPenalty52" classname="org.biojava.nbio.alignment.TestSubOptimalMSA" time="0.505"/>
</testsuite>